<?xml version="1.0" encoding="UTF-8"?>
<!-- Generated by org.testng.reporters.JUnitReportReporter -->
<testsuite skipped="0" hostname="DHIRAJ-LAPTOP" name="parallel.ClassTwo" tests="2" failures="0" timestamp="05 Feb 2020 23:58:15 GMT" time="0.019" errors="0">
  <testcase name="name2" time="0.014" classname="parallel.ClassTwo"/>
  <testcase name="name1" time="0.005" classname="parallel.ClassTwo"/>
</testsuite> <!-- parallel.ClassTwo -->
