<?xml version="1.0" encoding="UTF-8"?>
<!-- Generated by org.testng.reporters.JUnitReportReporter -->
<testsuite skipped="0" hostname="DHIRAJ-LAPTOP" name="parallel.ParametersTest" tests="1" failures="0" timestamp="06 Feb 2020 17:27:44 GMT" time="18.753" errors="0">
  <testcase name="name" time="18.753" classname="parallel.ParametersTest"/>
</testsuite> <!-- parallel.ParametersTest -->
